d:\codes\tryingf\tictactroe\tictactroe\x64\debug\vc143.pdb
d:\codes\tryingf\tictactroe\tictactroe\x64\debug\vc143.idb
d:\codes\tryingf\tictactroe\tictactroe\x64\debug\app.obj
d:\codes\tryingf\tictactroe\x64\debug\blitztictactoe.lib
d:\codes\tryingf\tictactroe\x64\debug\blitztictactoe.exp
d:\codes\tryingf\tictactroe\x64\debug\blitztictactoe.exe
d:\codes\tryingf\tictactroe\tictactroe\x64\debug\blitztictactoe.ilk
d:\codes\tryingf\tictactroe\x64\debug\blitztictactoe.pdb
d:\codes\tryingf\tictactroe\tictactroe\x64\debug\blitztictactoe.res
d:\codes\tryingf\tictactroe\tictactroe\x64\debug\resource.res
d:\codes\tryingf\tictactroe\tictactroe\x64\debug\blitztictactoe.tlog\cl.command.1.tlog
d:\codes\tryingf\tictactroe\tictactroe\x64\debug\blitztictactoe.tlog\cl.items.tlog
d:\codes\tryingf\tictactroe\tictactroe\x64\debug\blitztictactoe.tlog\cl.read.1.tlog
d:\codes\tryingf\tictactroe\tictactroe\x64\debug\blitztictactoe.tlog\cl.write.1.tlog
d:\codes\tryingf\tictactroe\tictactroe\x64\debug\blitztictactoe.tlog\link.command.1.tlog
d:\codes\tryingf\tictactroe\tictactroe\x64\debug\blitztictactoe.tlog\link.read.1.tlog
d:\codes\tryingf\tictactroe\tictactroe\x64\debug\blitztictactoe.tlog\link.write.1.tlog
d:\codes\tryingf\tictactroe\tictactroe\x64\debug\blitztictactoe.tlog\link.write.2u.tlog
d:\codes\tryingf\tictactroe\tictactroe\x64\debug\blitztictactoe.tlog\rc.command.1.tlog
d:\codes\tryingf\tictactroe\tictactroe\x64\debug\blitztictactoe.tlog\rc.read.1.tlog
d:\codes\tryingf\tictactroe\tictactroe\x64\debug\blitztictactoe.tlog\rc.write.1.tlog
